2023-03-13 10:44:12.072 [restartedMain] WARN  o.s.cloud.openfeign.FeignClientFactoryBean - The provided URL is empty. Will try picking an instance via load-balancing.
2023-03-13 10:44:17.425 [restartedMain] WARN  o.s.c.l.c.LoadBalancerCacheAutoConfiguration$LoadBalancerCaffeineWarnLogger - Spring Cloud LoadBalancer is currently working with the default cache. You can switch to using Caffeine cache, by adding it and org.springframework.cache.caffeine.CaffeineCacheManager to the classpath.
2023-03-13 10:44:22.475 [restartedMain] WARN  c.n.d.s.t.decorator.RetryableEurekaHttpClient - Request execution failed with message: java.net.ConnectException: Connection refused: connect
2023-03-13 10:44:22.476 [restartedMain] WARN  com.netflix.discovery.DiscoveryClient - Using default backup registry implementation which does not do anything.
2023-03-13 10:44:30.522 [DiscoveryClient-InstanceInfoReplicator-0] WARN  c.n.d.s.t.decorator.RetryableEurekaHttpClient - Request execution failed with message: java.net.ConnectException: Connection refused: connect
2023-03-13 10:44:30.522 [DiscoveryClient-InstanceInfoReplicator-0] WARN  com.netflix.discovery.DiscoveryClient - DiscoveryClient_SERVICE-EUREKA/LAPTOP-0DGQN9IQ:service-eureka:8888 - registration failed Cannot execute request on any known server
com.netflix.discovery.shared.transport.TransportException: Cannot execute request on any known server
	at com.netflix.discovery.shared.transport.decorator.RetryableEurekaHttpClient.execute(RetryableEurekaHttpClient.java:112)
	at com.netflix.discovery.shared.transport.decorator.EurekaHttpClientDecorator.register(EurekaHttpClientDecorator.java:56)
	at com.netflix.discovery.shared.transport.decorator.EurekaHttpClientDecorator$1.execute(EurekaHttpClientDecorator.java:59)
	at com.netflix.discovery.shared.transport.decorator.SessionedEurekaHttpClient.execute(SessionedEurekaHttpClient.java:77)
	at com.netflix.discovery.shared.transport.decorator.EurekaHttpClientDecorator.register(EurekaHttpClientDecorator.java:56)
	at com.netflix.discovery.DiscoveryClient.register(DiscoveryClient.java:876)
	at com.netflix.discovery.InstanceInfoReplicator.run(InstanceInfoReplicator.java:121)
	at com.netflix.discovery.InstanceInfoReplicator$1.run(InstanceInfoReplicator.java:101)
	at java.util.concurrent.Executors$RunnableAdapter.call(Executors.java:511)
	at java.util.concurrent.FutureTask.run$$$capture(FutureTask.java:266)
	at java.util.concurrent.FutureTask.run(FutureTask.java)
	at java.util.concurrent.ScheduledThreadPoolExecutor$ScheduledFutureTask.access$201(ScheduledThreadPoolExecutor.java:180)
	at java.util.concurrent.ScheduledThreadPoolExecutor$ScheduledFutureTask.run(ScheduledThreadPoolExecutor.java:293)
	at java.util.concurrent.ThreadPoolExecutor.runWorker(ThreadPoolExecutor.java:1149)
	at java.util.concurrent.ThreadPoolExecutor$Worker.run(ThreadPoolExecutor.java:624)
	at java.lang.Thread.run(Thread.java:748)
2023-03-13 10:44:30.523 [DiscoveryClient-InstanceInfoReplicator-0] WARN  com.netflix.discovery.InstanceInfoReplicator - There was a problem with the instance info replicator
com.netflix.discovery.shared.transport.TransportException: Cannot execute request on any known server
	at com.netflix.discovery.shared.transport.decorator.RetryableEurekaHttpClient.execute(RetryableEurekaHttpClient.java:112)
	at com.netflix.discovery.shared.transport.decorator.EurekaHttpClientDecorator.register(EurekaHttpClientDecorator.java:56)
	at com.netflix.discovery.shared.transport.decorator.EurekaHttpClientDecorator$1.execute(EurekaHttpClientDecorator.java:59)
	at com.netflix.discovery.shared.transport.decorator.SessionedEurekaHttpClient.execute(SessionedEurekaHttpClient.java:77)
	at com.netflix.discovery.shared.transport.decorator.EurekaHttpClientDecorator.register(EurekaHttpClientDecorator.java:56)
	at com.netflix.discovery.DiscoveryClient.register(DiscoveryClient.java:876)
	at com.netflix.discovery.InstanceInfoReplicator.run(InstanceInfoReplicator.java:121)
	at com.netflix.discovery.InstanceInfoReplicator$1.run(InstanceInfoReplicator.java:101)
	at java.util.concurrent.Executors$RunnableAdapter.call(Executors.java:511)
	at java.util.concurrent.FutureTask.run$$$capture(FutureTask.java:266)
	at java.util.concurrent.FutureTask.run(FutureTask.java)
	at java.util.concurrent.ScheduledThreadPoolExecutor$ScheduledFutureTask.access$201(ScheduledThreadPoolExecutor.java:180)
	at java.util.concurrent.ScheduledThreadPoolExecutor$ScheduledFutureTask.run(ScheduledThreadPoolExecutor.java:293)
	at java.util.concurrent.ThreadPoolExecutor.runWorker(ThreadPoolExecutor.java:1149)
	at java.util.concurrent.ThreadPoolExecutor$Worker.run(ThreadPoolExecutor.java:624)
	at java.lang.Thread.run(Thread.java:748)
2023-03-13 10:44:33.620 [restartedMain] WARN  c.n.d.s.t.decorator.RetryableEurekaHttpClient - Request execution failed with message: java.net.ConnectException: Connection refused: connect
2023-03-13 10:46:25.271 [restartedMain] WARN  o.s.cloud.openfeign.FeignClientFactoryBean - The provided URL is empty. Will try picking an instance via load-balancing.
2023-03-13 10:46:28.561 [restartedMain] WARN  o.a.r.s.autoconfigure.RocketMQAutoConfiguration - The necessary spring property 'rocketmq.name-server' is not defined, all rockertmq beans creation are skipped!
2023-03-13 10:46:30.015 [restartedMain] WARN  o.s.c.l.c.LoadBalancerCacheAutoConfiguration$LoadBalancerCaffeineWarnLogger - Spring Cloud LoadBalancer is currently working with the default cache. You can switch to using Caffeine cache, by adding it and org.springframework.cache.caffeine.CaffeineCacheManager to the classpath.
2023-03-13 10:46:34.978 [restartedMain] WARN  c.n.d.s.t.decorator.RetryableEurekaHttpClient - Request execution failed with message: java.net.ConnectException: Connection refused: connect
2023-03-13 10:46:34.980 [restartedMain] WARN  com.netflix.discovery.DiscoveryClient - Using default backup registry implementation which does not do anything.
2023-03-13 11:04:33.788 [restartedMain] WARN  o.s.cloud.openfeign.FeignClientFactoryBean - The provided URL is empty. Will try picking an instance via load-balancing.
2023-03-13 11:04:37.272 [restartedMain] WARN  o.a.r.s.autoconfigure.RocketMQAutoConfiguration - The necessary spring property 'rocketmq.name-server' is not defined, all rockertmq beans creation are skipped!
2023-03-13 11:04:38.930 [restartedMain] WARN  o.s.c.l.c.LoadBalancerCacheAutoConfiguration$LoadBalancerCaffeineWarnLogger - Spring Cloud LoadBalancer is currently working with the default cache. You can switch to using Caffeine cache, by adding it and org.springframework.cache.caffeine.CaffeineCacheManager to the classpath.
2023-03-13 11:04:43.870 [restartedMain] WARN  c.n.d.s.t.decorator.RetryableEurekaHttpClient - Request execution failed with message: java.net.ConnectException: Connection refused: connect
2023-03-13 11:04:43.871 [restartedMain] WARN  com.netflix.discovery.DiscoveryClient - Using default backup registry implementation which does not do anything.
2023-03-13 11:05:44.938 [restartedMain] WARN  o.s.cloud.openfeign.FeignClientFactoryBean - The provided URL is empty. Will try picking an instance via load-balancing.
2023-03-13 11:05:48.614 [restartedMain] WARN  o.a.r.s.autoconfigure.RocketMQAutoConfiguration - The necessary spring property 'rocketmq.name-server' is not defined, all rockertmq beans creation are skipped!
2023-03-13 11:05:50.194 [restartedMain] WARN  o.s.c.l.c.LoadBalancerCacheAutoConfiguration$LoadBalancerCaffeineWarnLogger - Spring Cloud LoadBalancer is currently working with the default cache. You can switch to using Caffeine cache, by adding it and org.springframework.cache.caffeine.CaffeineCacheManager to the classpath.
2023-03-13 11:05:55.239 [restartedMain] WARN  c.n.d.s.t.decorator.RetryableEurekaHttpClient - Request execution failed with message: java.net.ConnectException: Connection refused: connect
2023-03-13 11:05:55.240 [restartedMain] WARN  com.netflix.discovery.DiscoveryClient - Using default backup registry implementation which does not do anything.
2023-03-13 11:06:37.662 [restartedMain] WARN  o.s.cloud.openfeign.FeignClientFactoryBean - The provided URL is empty. Will try picking an instance via load-balancing.
2023-03-13 11:06:40.715 [restartedMain] WARN  o.a.r.s.autoconfigure.RocketMQAutoConfiguration - The necessary spring property 'rocketmq.name-server' is not defined, all rockertmq beans creation are skipped!
2023-03-13 11:06:42.035 [restartedMain] WARN  o.s.c.l.c.LoadBalancerCacheAutoConfiguration$LoadBalancerCaffeineWarnLogger - Spring Cloud LoadBalancer is currently working with the default cache. You can switch to using Caffeine cache, by adding it and org.springframework.cache.caffeine.CaffeineCacheManager to the classpath.
2023-03-13 11:06:47.082 [restartedMain] WARN  c.n.d.s.t.decorator.RetryableEurekaHttpClient - Request execution failed with message: java.net.ConnectException: Connection refused: connect
2023-03-13 11:06:47.083 [restartedMain] WARN  com.netflix.discovery.DiscoveryClient - Using default backup registry implementation which does not do anything.
2023-03-13 11:09:44.768 [restartedMain] WARN  o.s.cloud.openfeign.FeignClientFactoryBean - The provided URL is empty. Will try picking an instance via load-balancing.
2023-03-13 11:09:47.892 [restartedMain] WARN  o.a.r.s.autoconfigure.RocketMQAutoConfiguration - The necessary spring property 'rocketmq.name-server' is not defined, all rockertmq beans creation are skipped!
2023-03-13 11:09:49.114 [restartedMain] WARN  o.s.c.l.c.LoadBalancerCacheAutoConfiguration$LoadBalancerCaffeineWarnLogger - Spring Cloud LoadBalancer is currently working with the default cache. You can switch to using Caffeine cache, by adding it and org.springframework.cache.caffeine.CaffeineCacheManager to the classpath.
2023-03-13 11:09:53.935 [restartedMain] WARN  c.n.d.s.t.decorator.RetryableEurekaHttpClient - Request execution failed with message: java.net.ConnectException: Connection refused: connect
2023-03-13 11:09:53.936 [restartedMain] WARN  com.netflix.discovery.DiscoveryClient - Using default backup registry implementation which does not do anything.
2023-03-13 11:26:16.580 [restartedMain] WARN  o.s.cloud.openfeign.FeignClientFactoryBean - The provided URL is empty. Will try picking an instance via load-balancing.
